[26/04/2020 12:00] [HorribleSubs] Gleipnir - 04 [1080p].mkv Best match is: Gleipnir with 100% Accuracy
[27/04/2020 10:00] [HorribleSubs] Princess Connect! Re Dive - 04 [1080p].mkv Best match is: Princess Connect! Re:Dive with 97.33% Accuracy
[30/04/2020 23:00] [HorribleSubs] Nami yo Kiitekure - 05 [1080p].mkv Best match is: Nami yo Kiitekure with 100% Accuracy
[01/05/2020 19:00] [HorribleSubs] Kaguya-sama wa Kokurasetai S2 - 04 [1080p].mkv Best match is: Kaguya-sama wa Kokurasetai?: Tensai-tachi no Renai Zunousen with 79.62% Accuracy
[01/05/2020 20:00] [HorribleSubs] Yesterday wo Utatte - 05 [1080p].mkv Best match is: Yesterday wo Utatte with 100% Accuracy
[02/05/2020 16:00] [HorribleSubs] Gleipnir - 05 [1080p].mkv Best match is: Gleipnir with 100% Accuracy
[03/05/2020 15:00] [HorribleSubs] Princess Connect! Re Dive - 05 [1080p].mkv Best match is: Princess Connect! Re:Dive with 97.33% Accuracy
[08/05/2020 09:45] [HorribleSubs] Princess Connect! Re Dive - 05 [1080p].mkv Best match is: Princess Connect! Re:Dive with 97.33% Accuracy
[08/05/2020 09:45] [HorribleSubs] Gleipnir - 05 [1080p].mkv Best match is: Gleipnir with 100% Accuracy
[08/05/2020 09:45] [HorribleSubs] Yesterday wo Utatte - 05 [1080p].mkv Best match is: Yesterday wo Utatte with 100% Accuracy
[08/05/2020 09:45] [HorribleSubs] Kaguya-sama wa Kokurasetai S2 - 04 [1080p].mkv Best match is: Kaguya-sama wa Kokurasetai?: Tensai-tachi no Renai Zunousen with 79.62% Accuracy
[08/05/2020 09:45] [HorribleSubs] Nami yo Kiitekure - 05 [1080p].mkv Best match is: Nami yo Kiitekure with 100% Accuracy
[08/05/2020 09:45] [HorribleSubs] Princess Connect! Re Dive - 04 [1080p].mkv Best match is: Princess Connect! Re:Dive with 97.33% Accuracy
[08/05/2020 09:45] [HorribleSubs] Gleipnir - 04 [1080p].mkv Best match is: Gleipnir with 100% Accuracy
[08/05/2020 09:45] [HorribleSubs] Yesterday wo Utatte - 04 [1080p].mkv Best match is: Yesterday wo Utatte with 100% Accuracy
[10/05/2020 06:32] [HorribleSubs] Yesterday wo Utatte - 06 [1080p].mkv Best match is: Yesterday wo Utatte with 100% Accuracy
[10/05/2020 06:32] [HorribleSubs] Kaguya-sama wa Kokurasetai S2 - 05 [1080p].mkv Best match is: Kaguya-sama wa Kokurasetai?: Tensai-tachi no Renai Zunousen with 79.62% Accuracy
[10/05/2020 06:32] [HorribleSubs] Nami yo Kiitekure - 06 [1080p].mkv Best match is: Nami yo Kiitekure with 100% Accuracy
[10/05/2020 06:32] [HorribleSubs] Bungo to Alchemist - Shinpan no Haguruma - 04 [1080p].mkv Best match is: Bungou to Alchemist: Shinpan no Haguruma with 92.28% Accuracy
[11/05/2020 03:00] [HorribleSubs] Gleipnir - 06 [1080p].mkv Best match is: Gleipnir with 100% Accuracy
[12/05/2020 06:00] [HorribleSubs] Princess Connect! Re Dive - 06 [1080p].mkv Best match is: Princess Connect! Re:Dive with 97.33% Accuracy
[15/05/2020 23:00] [HorribleSubs] Bungo to Alchemist - Shinpan no Haguruma - 05 [1080p].mkv Best match is: Bungou to Alchemist: Shinpan no Haguruma with 92.28% Accuracy
[16/05/2020 01:00] [HorribleSubs] Nami yo Kiitekure - 07 [1080p].mkv Best match is: Nami yo Kiitekure with 100% Accuracy
[16/05/2020 23:00] [HorribleSubs] Kaguya-sama wa Kokurasetai S2 - 06 [1080p].mkv Best match is: Kaguya-sama wa Kokurasetai?: Tensai-tachi no Renai Zunousen with 79.62% Accuracy
[17/05/2020 01:00] [HorribleSubs] Yesterday wo Utatte - 07 [1080p].mkv Best match is: Yesterday wo Utatte with 100% Accuracy
[18/05/2020 04:00] [HorribleSubs] Gleipnir - 07 [1080p].mkv Best match is: Gleipnir with 100% Accuracy
[19/05/2020 11:00] [HorribleSubs] Princess Connect! Re Dive - 07 [1080p].mkv Best match is: Princess Connect! Re:Dive with 97.33% Accuracy
[24/05/2020 18:00] [HorribleSubs] Gleipnir - 08 [1080p].mkv Best match is: Gleipnir with 100% Accuracy
[29/05/2020 20:00] [HorribleSubs] Bungo to Alchemist - Shinpan no Haguruma - 07 [1080p].mkv Best match is: Bungou to Alchemist: Shinpan no Haguruma with 92.28% Accuracy
[29/05/2020 21:00] [HorribleSubs] Nami yo Kiitekure - 09 [1080p].mkv Best match is: Nami yo Kiitekure with 100% Accuracy
[30/05/2020 22:00] [HorribleSubs] Kaguya-sama wa Kokurasetai S2 - 08 [1080p].mkv Best match is: Kaguya-sama wa Kokurasetai?: Tensai-tachi no Renai Zunousen with 79.62% Accuracy
[30/05/2020 22:00] [HorribleSubs] Yesterday wo Utatte - 09 [1080p].mkv Best match is: Yesterday wo Utatte with 100% Accuracy
[31/05/2020 18:00] [HorribleSubs] Gleipnir - 09 [1080p].mkv Best match is: Gleipnir with 100% Accuracy
[01/06/2020 19:00] [HorribleSubs] Princess Connect! Re Dive - 09 [1080p].mkv Best match is: Princess Connect! Re:Dive with 97.33% Accuracy
[06/06/2020 23:20] [HorribleSubs] Yesterday wo Utatte - 10 [1080p].mkv Best match is: Yesterday wo Utatte with 100% Accuracy
[06/06/2020 23:20] [HorribleSubs] Kaguya-sama wa Kokurasetai S2 - 09 [1080p].mkv Best match is: Kaguya-sama wa Kokurasetai?: Tensai-tachi no Renai Zunousen with 79.62% Accuracy
[07/06/2020 18:00] [HorribleSubs] Gleipnir - 10 [1080p].mkv Best match is: Gleipnir with 100% Accuracy
[08/06/2020 19:00] [HorribleSubs] Princess Connect! Re Dive - 10 [1080p].mkv Best match is: Princess Connect! Re:Dive with 97.33% Accuracy
[10/06/2020 20:00] [HorribleSubs] Princess Connect! Re Dive - 10 [1080p].mkv Best match is: Princess Connect! Re:Dive with 97.33% Accuracy
[10/06/2020 20:00] [HorribleSubs] Gleipnir - 10 [1080p].mkv Best match is: Gleipnir with 100% Accuracy
[10/06/2020 20:00] [HorribleSubs] Yesterday wo Utatte - 10 [1080p].mkv Best match is: Yesterday wo Utatte with 100% Accuracy
[10/06/2020 20:00] [HorribleSubs] Kaguya-sama wa Kokurasetai S2 - 09 [1080p].mkv Best match is: Kaguya-sama wa Kokurasetai?: Tensai-tachi no Renai Zunousen with 79.62% Accuracy
[10/06/2020 20:00] [HorribleSubs] Nami yo Kiitekure - 10 [1080p].mkv Best match is: Nami yo Kiitekure with 100% Accuracy
[10/06/2020 20:00] [HorribleSubs] Princess Connect! Re Dive - 09 [1080p].mkv Best match is: Princess Connect! Re:Dive with 97.33% Accuracy
[10/06/2020 20:00] [HorribleSubs] Gleipnir - 09 [1080p].mkv Best match is: Gleipnir with 100% Accuracy
[10/06/2020 20:00] [HorribleSubs] Kaguya-sama wa Kokurasetai S2 - 08 [1080p].mkv Best match is: Kaguya-sama wa Kokurasetai?: Tensai-tachi no Renai Zunousen with 79.62% Accuracy
[10/06/2020 20:00] [HorribleSubs] Yesterday wo Utatte - 09 [1080p].mkv Best match is: Yesterday wo Utatte with 100% Accuracy
[10/06/2020 20:00] [HorribleSubs] Nami yo Kiitekure - 09 [1080p].mkv Best match is: Nami yo Kiitekure with 100% Accuracy
[10/06/2020 20:00] [HorribleSubs] Bungo to Alchemist - Shinpan no Haguruma - 07 [1080p].mkv Best match is: Bungou to Alchemist: Shinpan no Haguruma with 92.28% Accuracy
[12/06/2020 21:00] [HorribleSubs] Nami yo Kiitekure - 11 [1080p].mkv Best match is: Nami yo Kiitekure with 100% Accuracy
[13/06/2020 19:00] [HorribleSubs] Kaguya-sama wa Kokurasetai S2 - 10 [1080p].mkv Best match is: Kaguya-sama wa Kokurasetai?: Tensai-tachi no Renai Zunousen with 79.62% Accuracy
[13/06/2020 21:00] [HorribleSubs] Yesterday wo Utatte - 11 [1080p].mkv Best match is: Yesterday wo Utatte with 100% Accuracy
[14/06/2020 18:00] [HorribleSubs] Gleipnir - 11 [1080p].mkv Best match is: Gleipnir with 100% Accuracy
[19/06/2020 21:00] [HorribleSubs] Nami yo Kiitekure - 12 [1080p].mkv Best match is: Nami yo Kiitekure with 100% Accuracy
[20/06/2020 19:00] [HorribleSubs] Kaguya-sama wa Kokurasetai S2 - 11 [1080p].mkv Best match is: Kaguya-sama wa Kokurasetai?: Tensai-tachi no Renai Zunousen with 79.62% Accuracy
[20/06/2020 21:00] [HorribleSubs] Yesterday wo Utatte - 12 [1080p].mkv Best match is: Yesterday wo Utatte with 100% Accuracy
[21/06/2020 18:00] [HorribleSubs] Gleipnir - 12 [1080p].mkv Best match is: Gleipnir with 100% Accuracy
[22/06/2020 19:00] [HorribleSubs] Princess Connect! Re Dive - 12 [1080p].mkv Best match is: Princess Connect! Re:Dive with 97.33% Accuracy
[27/06/2020 19:15] [HorribleSubs] Kaguya-sama wa Kokurasetai S2 - 12 [1080p].mkv Best match is: Kaguya-sama wa Kokurasetai?: Tensai-tachi no Renai Zunousen with 79.62% Accuracy
[27/06/2020 19:15] [HorribleSubs] Princess Connect! Re Dive - 12 [1080p].mkv Best match is: Princess Connect! Re:Dive with 97.33% Accuracy
[27/06/2020 19:15] [HorribleSubs] Gleipnir - 12 [1080p].mkv Best match is: Gleipnir with 100% Accuracy
[27/06/2020 19:15] [HorribleSubs] Yesterday wo Utatte - 12 [1080p].mkv Best match is: Yesterday wo Utatte with 100% Accuracy
[27/06/2020 19:15] [HorribleSubs] Kaguya-sama wa Kokurasetai S2 - 11 [1080p].mkv Best match is: Kaguya-sama wa Kokurasetai?: Tensai-tachi no Renai Zunousen with 79.62% Accuracy
[27/06/2020 19:15] [HorribleSubs] Nami yo Kiitekure - 12 [1080p].mkv Best match is: Nami yo Kiitekure with 100% Accuracy
[27/06/2020 19:15] [HorribleSubs] Princess Connect! Re Dive - 11 [1080p].mkv Best match is: Princess Connect! Re:Dive with 97.33% Accuracy
[27/06/2020 19:15] [HorribleSubs] Gleipnir - 11 [1080p].mkv Best match is: Gleipnir with 100% Accuracy
[27/06/2020 19:15] [HorribleSubs] Yesterday wo Utatte - 11 [1080p].mkv Best match is: Yesterday wo Utatte with 100% Accuracy
[27/06/2020 19:15] [HorribleSubs] Kaguya-sama wa Kokurasetai S2 - 10 [1080p].mkv Best match is: Kaguya-sama wa Kokurasetai?: Tensai-tachi no Renai Zunousen with 79.62% Accuracy
[27/06/2020 19:15] [HorribleSubs] Nami yo Kiitekure - 11 [1080p].mkv Best match is: Nami yo Kiitekure with 100% Accuracy
[28/06/2020 18:00] [HorribleSubs] Gleipnir - 13 [1080p].mkv Best match is: Gleipnir with 100% Accuracy
[03/07/2020 20:00] [HorribleSubs] Bungo to Alchemist - Shinpan no Haguruma - 08 [1080p].mkv Best match is: Bungou to Alchemist: Shinpan no Haguruma with 92.28% Accuracy
[03/07/2020 23:00] [HorribleSubs] Enen no Shouboutai S2 - 01 [1080p].mkv Best match is: Enen no Shouboutai with 95.23% Accuracy
[17/07/2020 17:00] [HorribleSubs] Yahari Ore no Seishun Love Come wa Machigatteiru Kan - 02 [1080p].mkv Best match is: Yahari Ore no Seishun Love Comedy wa Machigatteiru. Kan with 98.18% Accuracy
[17/07/2020 17:00] [HorribleSubs] Uzaki-chan wa Asobitai! - 02 [1080p].mkv Best match is: Uzaki-chan wa Asobitai! with 100% Accuracy
[17/07/2020 17:00] [HorribleSubs] Gibiate - 01 [1080p].mkv Best match is: Gibiate with 100% Accuracy
[17/07/2020 17:00] [HorribleSubs] Deca-Dence - 02 [1080p].mkv Best match is: Deca-Dence with 100% Accuracy
[17/07/2020 17:00] [HorribleSubs] Re Zero kara Hajimeru Isekai Seikatsu - 27 [1080p].mkv Best match is: Re:Zero kara Hajimeru Isekai Seikatsu 2nd Season with 77.04% Accuracy
[17/07/2020 17:00] [HorribleSubs] Monster Musume no Oisha-san - 01 [1080p].mkv Best match is: Monster Musume no Oisha-san with 100% Accuracy
[17/07/2020 17:00] [HorribleSubs] Kanojo, Okarishimasu - 01 [1080p].mkv Best match is: Kanojo, Okarishimasu with 100% Accuracy
[17/07/2020 17:00] [HorribleSubs] Enen no Shouboutai S2 - 02 [1080p].mkv Best match is: Enen no Shouboutai with 95.23% Accuracy
[17/07/2020 17:00] [HorribleSubs] Bungo to Alchemist - Shinpan no Haguruma - 09 [1080p].mkv Best match is: Bungou to Alchemist: Shinpan no Haguruma with 92.28% Accuracy
[17/07/2020 17:00] [HorribleSubs] Yahari Ore no Seishun Love Come wa Machigatteiru Kan - 01 [1080p].mkv Best match is: Yahari Ore no Seishun Love Comedy wa Machigatteiru. Kan with 98.18% Accuracy
[17/07/2020 17:00] [HorribleSubs] Uzaki-chan wa Asobitai! - 01 [1080p].mkv Best match is: Uzaki-chan wa Asobitai! with 100% Accuracy
[17/07/2020 17:00] [HorribleSubs] Re Zero kara Hajimeru Isekai Seikatsu - 26 [1080p].mkv Best match is: Re:Zero kara Hajimeru Isekai Seikatsu 2nd Season with 77.04% Accuracy
[17/07/2020 17:00] [HorribleSubs] Deca-Dence - 01 [1080p].mkv Best match is: Deca-Dence with 100% Accuracy
[19/07/2020 17:00] [HorribleSubs] Monster Musume no Oisha-san - 02 [1080p].mkv Best match is: Monster Musume no Oisha-san with 100% Accuracy
[22/07/2020 17:00] [HorribleSubs] Re Zero kara Hajimeru Isekai Seikatsu - 28 [1080p].mkv Best match is: Re:Zero kara Hajimeru Isekai Seikatsu 2nd Season with 77.04% Accuracy
[22/07/2020 17:00] [HorribleSubs] Deca-Dence - 03 [1080p].mkv Best match is: Deca-Dence with 100% Accuracy
[22/07/2020 17:00] [HorribleSubs] Gibiate - 02 [1080p].mkv Best match is: Gibiate with 100% Accuracy
[23/07/2020 20:00] [HorribleSubs] Yahari Ore no Seishun Love Come wa Machigatteiru Kan - 03 [1080p].mkv Best match is: Yahari Ore no Seishun Love Comedy wa Machigatteiru. Kan with 98.18% Accuracy
[24/07/2020 16:00] [HorribleSubs] Uzaki-chan wa Asobitai! - 03 [1080p].mkv Best match is: Uzaki-chan wa Asobitai! with 100% Accuracy
[24/07/2020 19:00] [HorribleSubs] Shokugeki no Soma S5 - 04 [1080p].mkv Best match is: Shokugeki no Souma OVA with 90.60% Accuracy
[24/07/2020 20:00] [HorribleSubs] Bungo to Alchemist - Shinpan no Haguruma - 11 [1080p].mkv Best match is: Bungou to Alchemist: Shinpan no Haguruma with 92.28% Accuracy
[26/07/2020 17:00] [HorribleSubs] Monster Musume no Oisha-san - 03 [1080p].mkv Best match is: Monster Musume no Oisha-san with 100% Accuracy
# RSS UPDATE
[27/07/2020 04:02] [HorribleSubs] Monster Musume no Oisha-san - 03 [1080p].mkv Best match is: Monster Musume no Oisha-san with 100% Accuracy
[27/07/2020 04:02] [HorribleSubs] Kanojo, Okarishimasu - 03 [1080p].mkv Best match is: Kanojo, Okarishimasu with 100% Accuracy
[27/07/2020 04:02] [HorribleSubs] Enen no Shouboutai S2 - 04 [1080p].mkv Best match is: Enen no Shouboutai: Ni no Shou with 87.30% Accuracy
[27/07/2020 04:02] [HorribleSubs] Bungo to Alchemist - Shinpan no Haguruma - 11 [1080p].mkv Best match is: Bungou to Alchemist: Shinpan no Haguruma with 92.28% Accuracy
[27/07/2020 04:02] [HorribleSubs] Shokugeki no Soma S5 - 04 [1080p].mkv Best match is: Shokugeki no Souma OVA with 90.60% Accuracy
[27/07/2020 04:02] [HorribleSubs] Uzaki-chan wa Asobitai! - 03 [1080p].mkv Best match is: Uzaki-chan wa Asobitai! with 100% Accuracy
[27/07/2020 04:02] [HorribleSubs] Yahari Ore no Seishun Love Come wa Machigatteiru Kan - 03 [1080p].mkv Best match is: Yahari Ore no Seishun Love Comedy wa Machigatteiru. Kan with 98.18% Accuracy
[27/07/2020 04:02] [HorribleSubs] Re Zero kara Hajimeru Isekai Seikatsu - 28 [1080p].mkv Best match is: Re:Zero kara Hajimeru Isekai Seikatsu 2nd Season with 77.04% Accuracy
[27/07/2020 04:02] [HorribleSubs] Deca-Dence - 03 [1080p].mkv Best match is: Deca-Dence with 100% Accuracy
[27/07/2020 04:02] [HorribleSubs] Gibiate - 02 [1080p].mkv Best match is: Gibiate with 100% Accuracy
[27/07/2020 04:02] [HorribleSubs] The God of High School - 03 [1080p].mkv Best match is: THE GOD OF HIGH SCHOOL with 100% Accuracy
[27/07/2020 04:02] [HorribleSubs] Monster Musume no Oisha-san - 02 [1080p].mkv Best match is: Monster Musume no Oisha-san with 100% Accuracy
[27/07/2020 04:02] [HorribleSubs] Kanojo, Okarishimasu - 02 [1080p].mkv Best match is: Kanojo, Okarishimasu with 100% Accuracy
[27/07/2020 04:02] [HorribleSubs] Enen no Shouboutai S2 - 03 [1080p].mkv Best match is: Enen no Shouboutai: Ni no Shou with 87.30% Accuracy
[27/07/2020 04:02] [HorribleSubs] Bungo to Alchemist - Shinpan no Haguruma - 10 [1080p].mkv Best match is: Bungou to Alchemist: Shinpan no Haguruma with 92.28% Accuracy
[27/07/2020 04:02] [HorribleSubs] Shokugeki no Soma S5 - 03 [1080p].mkv Best match is: Shokugeki no Souma OVA with 90.60% Accuracy
[27/07/2020 04:02] [HorribleSubs] Yahari Ore no Seishun Love Come wa Machigatteiru Kan - 02 [1080p].mkv Best match is: Yahari Ore no Seishun Love Comedy wa Machigatteiru. Kan with 98.18% Accuracy
[27/07/2020 04:02] [HorribleSubs] Uzaki-chan wa Asobitai! - 02 [1080p].mkv Best match is: Uzaki-chan wa Asobitai! with 100% Accuracy
[27/07/2020 04:02] [HorribleSubs] Gibiate - 01 [1080p].mkv Best match is: Gibiate with 100% Accuracy
[27/07/2020 04:02] [HorribleSubs] Deca-Dence - 02 [1080p].mkv Best match is: Deca-Dence with 100% Accuracy
[27/07/2020 04:02] [HorribleSubs] Re Zero kara Hajimeru Isekai Seikatsu - 27 [1080p].mkv Best match is: Re:Zero kara Hajimeru Isekai Seikatsu 2nd Season with 77.04% Accuracy
[27/07/2020 04:02] [HorribleSubs] The God of High School - 02 [1080p].mkv Best match is: THE GOD OF HIGH SCHOOL with 100% Accuracy
[27/07/2020 04:02] [HorribleSubs] Monster Musume no Oisha-san - 01 [1080p].mkv Best match is: Monster Musume no Oisha-san with 100% Accuracy
[27/07/2020 17:00] [HorribleSubs] The God of High School - 04 [1080p].mkv Best match is: THE GOD OF HIGH SCHOOL with 100% Accuracy
[28/07/2020 17:00] [HorribleSubs] Houkago Teibou Nisshi - 04 [1080p].mkv Best match is: Houkago Teibou Nisshi with 100% Accuracy
[28/07/2020 21:00] [HorribleSubs] Goblin Slayer - Goblin's Crown - 00 [1080p].mkv Best match is: Goblin Slayer: GOBLIN'S CROWN with 91.86% Accuracy
